INFO: [SIM 2] *************** CSIM start ***************
INFO: [SIM 4] CSIM will launch GCC as the compiler.
   Compiling(apcc) ../../../../q_sample_test.c in debug mode
INFO: Applying HLS Y2K22 patch v1.2 for IP revision
INFO: [HLS 200-10] Running '/afs/slac.stanford.edu/g/reseng/vol34/xilinx/2021.1/Vivado/2021.1/bin/unwrapped/lnx64.o/apcc'
INFO: [HLS 200-10] For user 'berthie' on host 'rdsrv310' (Linux_x86_64 version 5.15.0-56-generic) on Tue Dec 13 16:55:17 PST 2022
INFO: [HLS 200-10] On os Ubuntu 20.04.5 LTS
INFO: [HLS 200-10] In directory '/afs/slac.stanford.edu/u/gu/berthie/vivado_prj/final/quantizer/quantizer/solution1/csim/build'
INFO: [APCC 202-3] Tmp directory is /tmp/apcc_db_berthie/1634171670979317866240
INFO: [APCC 202-1] APCC is done.
   Compiling(apcc) ../../../../q_sample.c in debug mode
INFO: Applying HLS Y2K22 patch v1.2 for IP revision
INFO: [HLS 200-10] Running '/afs/slac.stanford.edu/g/reseng/vol34/xilinx/2021.1/Vivado/2021.1/bin/unwrapped/lnx64.o/apcc'
INFO: [HLS 200-10] For user 'berthie' on host 'rdsrv310' (Linux_x86_64 version 5.15.0-56-generic) on Tue Dec 13 16:55:24 PST 2022
INFO: [HLS 200-10] On os Ubuntu 20.04.5 LTS
INFO: [HLS 200-10] In directory '/afs/slac.stanford.edu/u/gu/berthie/vivado_prj/final/quantizer/quantizer/solution1/csim/build'
INFO: [APCC 202-3] Tmp directory is /tmp/apcc_db_berthie/1634751670979324587749
INFO: [APCC 202-1] APCC is done.
   Generating csim.exe
Comparing against output data 
*******************************************
PASS: The output matches the ref output!
*******************************************
INFO: [SIM 1] CSim done with 0 errors.
INFO: [SIM 3] *************** CSIM finish ***************
